Wed, 03 Oct 2018 23:15:39 [line:136] INFO Start the perform chan function, there is 2 wd
Wed, 03 Oct 2018 23:15:39 [line:186] INFO Start the is_in_fight function
Wed, 03 Oct 2018 23:15:41 [line:242] INFO Init loading successfully
Wed, 03 Oct 2018 23:15:42 [line:242] INFO Init loading successfully
Wed, 03 Oct 2018 23:15:44 [line:242] INFO Init loading successfully
Wed, 03 Oct 2018 23:18:12 [line:158] INFO Send to perform chan
Wed, 03 Oct 2018 23:18:22 [line:158] INFO Send to perform chan
Wed, 03 Oct 2018 23:18:32 [line:158] INFO Send to perform chan
Wed, 03 Oct 2018 23:18:42 [line:158] INFO Send to perform chan
Wed, 03 Oct 2018 23:18:47 [line:196] INFO empty the chan queue
Wed, 03 Oct 2018 23:18:47 [line:196] INFO empty the chan queue
Wed, 03 Oct 2018 23:18:47 [line:196] INFO empty the chan queue
Wed, 03 Oct 2018 23:18:47 [line:196] INFO empty the chan queue
Wed, 03 Oct 2018 23:18:47 [line:196] INFO empty the chan queue
Wed, 03 Oct 2018 23:18:47 [line:196] INFO empty the chan queue
Wed, 03 Oct 2018 23:18:47 [line:196] INFO empty the chan queue
Wed, 03 Oct 2018 23:18:47 [line:196] INFO empty the chan queue
Wed, 03 Oct 2018 23:18:47 [line:196] INFO empty the chan queue
Wed, 03 Oct 2018 23:18:47 [line:196] INFO empty the chan queue
Wed, 03 Oct 2018 23:18:47 [line:196] INFO empty the chan queue
Wed, 03 Oct 2018 23:18:47 [line:196] INFO empty the chan queue
Wed, 03 Oct 2018 23:18:47 [line:196] INFO empty the chan queue
Wed, 03 Oct 2018 23:18:47 [line:196] INFO empty the chan queue
Wed, 03 Oct 2018 23:18:47 [line:196] INFO empty the chan queue
Wed, 03 Oct 2018 23:18:47 [line:196] INFO empty the chan queue
Wed, 03 Oct 2018 23:18:47 [line:196] INFO empty the chan queue
Wed, 03 Oct 2018 23:18:47 [line:196] INFO empty the chan queue
Wed, 03 Oct 2018 23:18:47 [line:196] INFO empty the chan queue
Wed, 03 Oct 2018 23:18:47 [line:196] INFO empty the chan queue
Wed, 03 Oct 2018 23:18:47 [line:196] INFO empty the chan queue
Wed, 03 Oct 2018 23:18:47 [line:196] INFO empty the chan queue
Wed, 03 Oct 2018 23:18:47 [line:196] INFO empty the chan queue
Wed, 03 Oct 2018 23:18:47 [line:196] INFO empty the chan queue
Wed, 03 Oct 2018 23:18:47 [line:196] INFO empty the chan queue
Wed, 03 Oct 2018 23:18:47 [line:196] INFO empty the chan queue
Wed, 03 Oct 2018 23:18:47 [line:196] INFO empty the chan queue
Wed, 03 Oct 2018 23:18:47 [line:196] INFO empty the chan queue
Wed, 03 Oct 2018 23:18:47 [line:196] INFO empty the chan queue
Wed, 03 Oct 2018 23:18:47 [line:196] INFO empty the chan queue
Wed, 03 Oct 2018 23:18:47 [line:196] INFO empty the chan queue
Wed, 03 Oct 2018 23:18:47 [line:196] INFO empty the chan queue
Wed, 03 Oct 2018 23:18:47 [line:196] INFO empty the chan queue
Wed, 03 Oct 2018 23:18:47 [line:196] INFO empty the chan queue
Wed, 03 Oct 2018 23:18:47 [line:196] INFO empty the chan queue
Wed, 03 Oct 2018 23:18:47 [line:196] INFO empty the chan queue
Wed, 03 Oct 2018 23:18:47 [line:196] INFO empty the chan queue
Wed, 03 Oct 2018 23:18:47 [line:196] INFO empty the chan queue
Wed, 03 Oct 2018 23:18:47 [line:196] INFO empty the chan queue
Wed, 03 Oct 2018 23:18:47 [line:196] INFO empty the chan queue
Wed, 03 Oct 2018 23:18:47 [line:196] INFO empty the chan queue
Wed, 03 Oct 2018 23:18:47 [line:196] INFO empty the chan queue
Wed, 03 Oct 2018 23:18:47 [line:196] INFO empty the chan queue
Wed, 03 Oct 2018 23:18:47 [line:196] INFO empty the chan queue
Wed, 03 Oct 2018 23:18:47 [line:196] INFO empty the chan queue
Wed, 03 Oct 2018 23:18:47 [line:196] INFO empty the chan queue
Wed, 03 Oct 2018 23:18:47 [line:196] INFO empty the chan queue
Wed, 03 Oct 2018 23:18:47 [line:196] INFO empty the chan queue
Wed, 03 Oct 2018 23:18:47 [line:196] INFO empty the chan queue
Wed, 03 Oct 2018 23:18:47 [line:196] INFO empty the chan queue
Wed, 03 Oct 2018 23:18:47 [line:196] INFO empty the chan queue
Wed, 03 Oct 2018 23:18:47 [line:196] INFO empty the chan queue
Wed, 03 Oct 2018 23:18:47 [line:196] INFO empty the chan queue
Wed, 03 Oct 2018 23:18:47 [line:196] INFO empty the chan queue
Wed, 03 Oct 2018 23:18:47 [line:196] INFO empty the chan queue
Wed, 03 Oct 2018 23:18:47 [line:196] INFO empty the chan queue
Wed, 03 Oct 2018 23:18:47 [line:196] INFO empty the chan queue
Wed, 03 Oct 2018 23:18:47 [line:196] INFO empty the chan queue
Wed, 03 Oct 2018 23:18:47 [line:196] INFO empty the chan queue
Wed, 03 Oct 2018 23:18:47 [line:196] INFO empty the chan queue
Wed, 03 Oct 2018 23:18:47 [line:196] INFO empty the chan queue
Wed, 03 Oct 2018 23:18:47 [line:196] INFO empty the chan queue
Wed, 03 Oct 2018 23:18:47 [line:196] INFO empty the chan queue
Wed, 03 Oct 2018 23:18:47 [line:196] INFO empty the chan queue
Wed, 03 Oct 2018 23:18:47 [line:196] INFO empty the chan queue
Wed, 03 Oct 2018 23:18:47 [line:196] INFO empty the chan queue
Wed, 03 Oct 2018 23:18:47 [line:196] INFO empty the chan queue
Wed, 03 Oct 2018 23:18:47 [line:196] INFO empty the chan queue
Wed, 03 Oct 2018 23:18:47 [line:196] INFO empty the chan queue
Wed, 03 Oct 2018 23:20:05 [line:158] INFO Send to perform chan
Wed, 03 Oct 2018 23:20:15 [line:158] INFO Send to perform chan
Wed, 03 Oct 2018 23:20:25 [line:158] INFO Send to perform chan
Wed, 03 Oct 2018 23:20:35 [line:158] INFO Send to perform chan
Wed, 03 Oct 2018 23:20:45 [line:158] INFO Send to perform chan
Wed, 03 Oct 2018 23:20:45 [line:504] INFO End the program!
